Arguments: 
  /usr/local/lib/node_modules/node/bin/node /usr/local/Cellar/yarn/1.5.1_1/libexec/bin/yarn.js start

PATH: 
  /usr/local/bin:/usr/local/sbin:/usr/bin:/bin:/usr/sbin:/sbin:/Applications/Wireshark.app/Contents/MacOS

Yarn version: 
  1.5.1

Node version: 
  10.3.0

Platform: 
  darwin x64

npm manifest: 
  {
    "name": "material-kit-react",
    "version": "1.1.0",
    "private": true,
    "dependencies": {
      "@material-ui/core": "1.2.1",
      "@material-ui/icons": "1.1.0",
      "ajv": "6.0.0",
      "history": "4.7.2",
      "moment": "2.22.2",
      "node-sass-chokidar": "1.3.0",
      "npm-run-all": "4.1.3",
      "react": "16.4.0",
      "react-datetime": "2.14.0",
      "react-dom": "16.4.0",
      "react-nouislider": "2.0.1",
      "react-router-dom": "4.3.1",
      "react-scripts": "1.1.4",
      "react-slick": "0.23.1",
      "react-swipeable-views": "0.12.13"
    },
    "scripts": {
      "build-css": "node-sass-chokidar --include-path ./src --include-path ./node_modules src/ -o src/",
      "watch-css": "npm run build-css && node-sass-chokidar --include-path ./src --include-path ./node_modules src/ -o src/ --watch --recursive",
      "start-js": "react-scripts start",
      "start": "npm-run-all -p watch-css start-js",
      "build": "npm run build-css && react-scripts build",
      "test": "react-scripts test --env=jsdom",
      "eject": "react-scripts eject"
    }
  }

yarn manifest: 
  No manifest

Lockfile: 
  No lockfile

Trace: 
  Error: Command failed.
  Exit code: 127
  Command: sh
  Arguments: -c npm-run-all -p watch-css start-js
  Directory: /Users/mariacharles/Charles/Charles/Development/React/material-kit-react-v1.1.0
  Output:
  
      at ProcessTermError.MessageError (/usr/local/Cellar/yarn/1.5.1_1/libexec/lib/cli.js:186:110)
      at new ProcessTermError (/usr/local/Cellar/yarn/1.5.1_1/libexec/lib/cli.js:226:113)
      at ChildProcess.<anonymous> (/usr/local/Cellar/yarn/1.5.1_1/libexec/lib/cli.js:30281:17)
      at ChildProcess.emit (events.js:182:13)
      at maybeClose (internal/child_process.js:961:16)
      at Process.ChildProcess._handle.onexit (internal/child_process.js:248:5)
